The system is: Windows - 10.0.18362 - AMD64
Compiling the C compiler identification source file "CMakeCCompilerId.c" succeeded.
Compiler: D:/VS/VS2019/VC/Tools/MSVC/14.24.28314/bin/HostX64/x64/cl.exe 
Build flags: 
Id flags:  

The output was:
0
Microsoft (R) C/C++ Optimizing Compiler Version 19.24.28314 for x64
Copyright (C) Microsoft Corporation.  All rights reserved.

CMakeCCompilerId.c
Microsoft (R) Incremental Linker Version 14.24.28314.0
Copyright (C) Microsoft Corporation.  All rights reserved.

/out:CMakeCCompilerId.exe 
CMakeCCompilerId.obj 


Compilation of the C compiler identification source "CMakeCCompilerId.c" produced "CMakeCCompilerId.exe"

Compilation of the C compiler identification source "CMakeCCompilerId.c" produced "CMakeCCompilerId.obj"

The C compiler identification is MSVC, found in "C:/Users/samue/Downloads/SOlemnSimulator-master/out/build/x64-Debug/CMakeFiles/3.15.19101501-MSVC_2/CompilerIdC/CMakeCCompilerId.exe"

Compiling the CXX compiler identification source file "CMakeCXXCompilerId.cpp" succeeded.
Compiler: D:/VS/VS2019/VC/Tools/MSVC/14.24.28314/bin/HostX64/x64/cl.exe 
Build flags: 
Id flags:  

The output was:
0
Microsoft (R) C/C++ Optimizing Compiler Version 19.24.28314 for x64
Copyright (C) Microsoft Corporation.  All rights reserved.

CMakeCXXCompilerId.cpp
Microsoft (R) Incremental Linker Version 14.24.28314.0
Copyright (C) Microsoft Corporation.  All rights reserved.

/out:CMakeCXXCompilerId.exe 
CMakeCXXCompilerId.obj 


Compilation of the CXX compiler identification source "CMakeCXXCompilerId.cpp" produced "CMakeCXXCompilerId.exe"

Compilation of the CXX compiler identification source "CMakeCXXCompilerId.cpp" produced "CMakeCXXCompilerId.obj"

The CXX compiler identification is MSVC, found in "C:/Users/samue/Downloads/SOlemnSimulator-master/out/build/x64-Debug/CMakeFiles/3.15.19101501-MSVC_2/CompilerIdCXX/CMakeCXXCompilerId.exe"

Determining if the C compiler works passed with the following output:
Change Dir: C:/Users/samue/Downloads/SOlemnSimulator-master/out/build/x64-Debug/CMakeFiles/CMakeTmp

Run Build Command(s):D:\VS\VS2019\COMMON7\IDE\COMMONEXTENSIONS\MICROSOFT\CMAKE\Ninja\ninja.exe cmTC_3db87 && [1/2] Building C object CMakeFiles\cmTC_3db87.dir\testCCompiler.c.obj
[2/2] Linking C executable cmTC_3db87.exe



Detecting C compiler ABI info compiled with the following output:
Change Dir: C:/Users/samue/Downloads/SOlemnSimulator-master/out/build/x64-Debug/CMakeFiles/CMakeTmp

Run Build Command(s):D:\VS\VS2019\COMMON7\IDE\COMMONEXTENSIONS\MICROSOFT\CMAKE\Ninja\ninja.exe cmTC_0d58a && [1/2] Building C object CMakeFiles\cmTC_0d58a.dir\CMakeCCompilerABI.c.obj
[2/2] Linking C executable cmTC_0d58a.exe



Determining if the CXX compiler works passed with the following output:
Change Dir: C:/Users/samue/Downloads/SOlemnSimulator-master/out/build/x64-Debug/CMakeFiles/CMakeTmp

Run Build Command(s):D:\VS\VS2019\COMMON7\IDE\COMMONEXTENSIONS\MICROSOFT\CMAKE\Ninja\ninja.exe cmTC_ff21f && [1/2] Building CXX object CMakeFiles\cmTC_ff21f.dir\testCXXCompiler.cxx.obj
[2/2] Linking CXX executable cmTC_ff21f.exe



Detecting CXX compiler ABI info compiled with the following output:
Change Dir: C:/Users/samue/Downloads/SOlemnSimulator-master/out/build/x64-Debug/CMakeFiles/CMakeTmp

Run Build Command(s):D:\VS\VS2019\COMMON7\IDE\COMMONEXTENSIONS\MICROSOFT\CMAKE\Ninja\ninja.exe cmTC_0718e && [1/2] Building CXX object CMakeFiles\cmTC_0718e.dir\CMakeCXXCompilerABI.cpp.obj
[2/2] Linking CXX executable cmTC_0718e.exe



